04/10/2023 01:50:15 PM Добавлена заметка: ['', '1', 'заметка1', 'Текст заметки1', '2023.04.10']
04/10/2023 01:50:23 PM Программа закрыта
04/10/2023 01:50:23 PM Программа запущена
04/10/2023 01:51:33 PM Добавлена заметка: ['1', 'заметка1', 'Текст заметки1', '2023.04.10']
04/10/2023 01:51:41 PM Просмотрен список заметок
04/10/2023 01:52:42 PM Просмотрен список заметок
04/10/2023 01:52:46 PM Программа закрыта
04/10/2023 01:52:46 PM Программа запущена
04/10/2023 01:52:55 PM Просмотрен список заметок
04/10/2023 01:54:03 PM Добавлена заметка: ['1', 'заметка1', 'Текст заметки1', '2023.04.10', '2', 'заметка2', 'Текст заметки2', '2023.04.10']
04/10/2023 01:55:07 PM Добавлена заметка: ['1', 'Заметка1', 'Текст заметки1', '2023.04.10', '2', 'Заметка2', 'Текст заметки2', '2023.04.10', '3', 'Заметка3', 'Текст заметки3', '2023.04.10']
04/10/2023 01:55:51 PM Добавлена заметка: ['1', 'Заметка1', 'Текст заметки1', '2023.04.10', '2', 'Заметка2', 'Текст заметки2', '2023.04.10', '3', 'Заметка3', 'Текст заметки3', '2023.04.10', '4', 'Заметка4', 'Текст заметки4', '2023.04.10']
04/10/2023 01:56:36 PM Добавлена заметка: ['1', 'Заметка1', 'Текст заметки1', '2023.04.10', '2', 'Заметка2', 'Текст заметки2', '2023.04.10', '3', 'Заметка3', 'Текст заметки3', '2023.04.10', '4', 'Заметка4', 'Текст заметки4', '2023.04.10', '5', 'Заметка5', 'Текст заметки5', '2023.04.10']
04/10/2023 01:57:35 PM Добавлена заметка: ['1', 'Заметка1', 'Текст заметки1', '2023.04.10', '2', 'Заметка2', 'Текст заметки2', '2023.04.10', '3', 'Заметка3', 'Текст заметки3', '2023.04.10', '4', 'Заметка4', 'Текст заметки4', '2023.04.10', '5', 'Заметка5', 'Текст заметки5', '2023.04.10', '6', 'Заметка6', 'Текст заметки6', '2023.04.10']
04/10/2023 01:58:01 PM Пользователь сделал запрос на редактирование заметки: Заметка5
04/10/2023 01:58:44 PM Отредактирована заметка:5 Заметка5 Текст заметки5 отредактированный текст 2023.04.10
04/10/2023 02:01:33 PM Программа закрыта
04/10/2023 02:01:33 PM Программа запущена
04/10/2023 02:02:24 PM Пользователь сделал запрос на редактирование заметки: Заметка4
04/10/2023 02:02:47 PM Отредактирована заметка:4 Заметка4 Отредактированный Текст заметки4 2023.04.10
04/10/2023 02:09:09 PM Программа закрыта
04/10/2023 02:09:09 PM Программа запущена
04/10/2023 02:09:56 PM Пользователь сделал запрос на удаление: Заметка5
04/10/2023 02:09:56 PM Удалена заметка:5 Заметка5 Текст заметки5 отредактированный текст 2023.04.10
04/10/2023 02:11:07 PM Программа закрыта
04/10/2023 02:11:07 PM Программа запущена
04/10/2023 02:12:17 PM Пользователь сделал запрос на поиск заметок на дату: 2023.03.10
04/10/2023 02:12:17 PM Пользователь сделал запрос на поиск заметок на дату: 2023.03.10
04/10/2023 02:12:42 PM Заметки экспортированы в csv файл
04/10/2023 02:12:47 PM Программа закрыта
04/10/2023 02:12:47 PM Программа запущена
